2018-08-31 18:01:59 +0000  Initial pipeline context: <IDEDistributionProcessingPipelineContext: 0x7fdc175aff70; archive(resolved)='<IDEArchive: 0x7fdc1b0bbd20>', distributionTask(resolved)='2', distributionMethod(resolved)='<IDEDistributionMethodDirectDistribution: 0x7fdc157c4760>', team(resolved)='<IDEProvisioningBasicTeam: 0x7fdc1a499760; teamID='9F4WXH899R', teamName='Brianna Lee'>'>
	Chain (10, self inclusive):
	<IDEDistributionProcessingPipelineContext: 0x7fdc175aff70; archive = '<IDEArchive: 0x7fdc1b0bbd20>', distributionMethod='<IDEDistributionMethodDirectDistribution: 0x7fdc157c4760>', team='<IDEProvisioningBasicTeam: 0x7fdc1a499760; teamID='9F4WXH899R', teamName='Brianna Lee'>'>
	<IDEDistributionProcessingPipelineContext: 0x7fdc1cb1ba20; archive = '<IDEArchive: 0x7fdc1b0bbd20>', distributionMethod='<IDEDistributionMethodDirectDistribution: 0x7fdc157c4760>', team='<IDEProvisioningBasicTeam: 0x7fdc1a499760; teamID='9F4WXH899R', teamName='Brianna Lee'>'>
	<IDEDistributionContext: 0x7fdc1b3a7570; archive = '<IDEArchive: 0x7fdc1b0bbd20>', distributionMethod='<IDEDistributionMethodDirectDistribution: 0x7fdc157c4760>', team='<IDEProvisioningBasicTeam: 0x7fdc1a499760; teamID='9F4WXH899R', teamName='Brianna Lee'>'>
	<IDEDistributionContext: 0x7fdc1a2a8380; archive = '<IDEArchive: 0x7fdc1b0bbd20>', distributionMethod='<IDEDistributionMethodDirectDistribution: 0x7fdc157c4760>', team='<IDEProvisioningBasicTeam: 0x7fdc1a499760; teamID='9F4WXH899R', teamName='Brianna Lee'>'>
	<IDEDistributionContext: 0x7fdc1b35f650; archive = '<IDEArchive: 0x7fdc1b0bbd20>', distributionMethod='<IDEDistributionMethodDirectDistribution: 0x7fdc157c4760>', team='<IDEProvisioningBasicTeam: 0x7fdc1a499760; teamID='9F4WXH899R', teamName='Brianna Lee'>'>
	<IDEDistributionContext: 0x7fdc1a4a6850; archive = '<IDEArchive: 0x7fdc1b0bbd20>', distributionMethod='<IDEDistributionMethodDirectDistribution: 0x7fdc157c4760>', team='<IDEProvisioningBasicTeam: 0x7fdc1a499760; teamID='9F4WXH899R', teamName='Brianna Lee'>'>
	<IDEDistributionContext: 0x7fdc1a61c650; archive = '<IDEArchive: 0x7fdc1b0bbd20>', distributionMethod='<IDEDistributionMethodDirectDistribution: 0x7fdc157c4760>', team='<IDEProvisioningBasicTeam: 0x7fdc1a499760; teamID='9F4WXH899R', teamName='Brianna Lee'>'>
	<IDEDistributionContext: 0x7fdc31642b30; archive = '<IDEArchive: 0x7fdc1b0bbd20>', distributionMethod='<IDEDistributionMethodDirectDistribution: 0x7fdc157c4760>', team='<IDEProvisioningBasicTeam: 0x7fdc1a499760; teamID='9F4WXH899R', teamName='Brianna Lee'>'>
	<IDEDistributionContext: 0x7fdc314fb4b0; archive = '<IDEArchive: 0x7fdc1b0bbd20>', distributionMethod='<IDEDistributionMethodDirectDistribution: 0x7fdc157c4760>', team='(null)'>
	<IDEDistributionContext: 0x7fdc19ed2f00; archive = '<IDEArchive: 0x7fdc1b0bbd20>', distributionMethod='(null)', team='(null)'>
</IDEDistributionProcessingPipelineContext: 0x7fdc175aff70>
2018-08-31 18:01:59 +0000  Processing step: IDEDistributionCreateDestRootStep
2018-08-31 18:01:59 +0000  Processing step: IDEDistributionCopyItemStep
2018-08-31 18:01:59 +0000  Running /usr/bin/ditto '-V' '/Users/brianna/Library/Developer/Xcode/Archives/2018-08-31/Apple Device Lookup - Mac 8-31-18, 11.01 AM.xcarchive/Products/Applications/Apple Device Lookup - Mac.app' '/var/folders/kz/kp6k0tz126x4wdk0nr1phz300000gn/T/XcodeDistPipeline.Scv/Root/Applications/Apple Device Lookup - Mac.app'
2018-08-31 18:01:59 +0000  >>> Copying /Users/brianna/Library/Developer/Xcode/Archives/2018-08-31/Apple Device Lookup - Mac 8-31-18, 11.01 AM.xcarchive/Products/Applications/Apple Device Lookup - Mac.app 
2018-08-31 18:01:59 +0000  copying file ./Contents/_CodeSignature/CodeResources ... 
2018-08-31 18:01:59 +0000  10629 bytes for ./Contents/_CodeSignature/CodeResources
2018-08-31 18:01:59 +0000  copying symlink ./Contents/Frameworks/Alamofire.framework/Alamofire ... 
2018-08-31 18:01:59 +0000  linked ./Contents/Frameworks/Alamofire.framework/Alamofire
copying symlink ./Contents/Frameworks/Alamofire.framework/Resources ... 
2018-08-31 18:01:59 +0000  linked ./Contents/Frameworks/Alamofire.framework/Resources
2018-08-31 18:01:59 +0000  copying file ./Contents/Frameworks/Alamofire.framework/Versions/A/_CodeSignature/CodeResources ... 
2018-08-31 18:01:59 +0000  2514 bytes for ./Contents/Frameworks/Alamofire.framework/Versions/A/_CodeSignature/CodeResources
copying file ./Contents/Frameworks/Alamofire.framework/Versions/A/Alamofire ... 
2018-08-31 18:01:59 +0000  1368096 bytes for ./Contents/Frameworks/Alamofire.framework/Versions/A/Alamofire
2018-08-31 18:01:59 +0000  copying file ./Contents/Frameworks/Alamofire.framework/Versions/A/Resources/Info.plist ... 
2018-08-31 18:01:59 +0000  1228 bytes for ./Contents/Frameworks/Alamofire.framework/Versions/A/Resources/Info.plist
2018-08-31 18:01:59 +0000  copying symlink ./Contents/Frameworks/Alamofire.framework/Versions/Current ... 
2018-08-31 18:01:59 +0000  linked ./Contents/Frameworks/Alamofire.framework/Versions/Current
2018-08-31 18:01:59 +0000  copying file ./Contents/Frameworks/libswiftAppKit.dylib ... 
2018-08-31 18:01:59 +0000  175840 bytes for ./Contents/Frameworks/libswiftAppKit.dylib
2018-08-31 18:01:59 +0000  copying file ./Contents/Frameworks/libswiftCore.dylib ... 
2018-08-31 18:01:59 +0000  6160784 bytes for ./Contents/Frameworks/libswiftCore.dylib
2018-08-31 18:01:59 +0000  copying file ./Contents/Frameworks/libswiftCoreData.dylib ... 
104816 bytes for ./Contents/Frameworks/libswiftCoreData.dylib
copying file ./Contents/Frameworks/libswiftCoreFoundation.dylib ... 
2018-08-31 18:01:59 +0000  40896 bytes for ./Contents/Frameworks/libswiftCoreFoundation.dylib
copying file ./Contents/Frameworks/libswiftCoreGraphics.dylib ... 
2018-08-31 18:01:59 +0000  197168 bytes for ./Contents/Frameworks/libswiftCoreGraphics.dylib
2018-08-31 18:01:59 +0000  copying file ./Contents/Frameworks/libswiftCoreImage.dylib ... 
49360 bytes for ./Contents/Frameworks/libswiftCoreImage.dylib
copying file ./Contents/Frameworks/libswiftDarwin.dylib ... 
98496 bytes for ./Contents/Frameworks/libswiftDarwin.dylib
2018-08-31 18:01:59 +0000  copying file ./Contents/Frameworks/libswiftDispatch.dylib ... 
2018-08-31 18:01:59 +0000  311296 bytes for ./Contents/Frameworks/libswiftDispatch.dylib
copying file ./Contents/Frameworks/libswiftFoundation.dylib ... 
2018-08-31 18:01:59 +0000  2858224 bytes for ./Contents/Frameworks/libswiftFoundation.dylib
2018-08-31 18:01:59 +0000  copying file ./Contents/Frameworks/libswiftIOKit.dylib ... 
2018-08-31 18:01:59 +0000  45072 bytes for ./Contents/Frameworks/libswiftIOKit.dylib
copying file ./Contents/Frameworks/libswiftMetal.dylib ... 
2018-08-31 18:01:59 +0000  77792 bytes for ./Contents/Frameworks/libswiftMetal.dylib
copying file ./Contents/Frameworks/libswiftObjectiveC.dylib ... 
2018-08-31 18:01:59 +0000  69936 bytes for ./Contents/Frameworks/libswiftObjectiveC.dylib
2018-08-31 18:01:59 +0000  copying file ./Contents/Frameworks/libswiftos.dylib ... 
2018-08-31 18:01:59 +0000  58464 bytes for ./Contents/Frameworks/libswiftos.dylib
copying file ./Contents/Frameworks/libswiftQuartzCore.dylib ... 
2018-08-31 18:01:59 +0000  61376 bytes for ./Contents/Frameworks/libswiftQuartzCore.dylib
copying file ./Contents/Frameworks/libswiftXPC.dylib ... 
2018-08-31 18:01:59 +0000  44960 bytes for ./Contents/Frameworks/libswiftXPC.dylib
2018-08-31 18:01:59 +0000  copying symlink ./Contents/Frameworks/SWXMLHash.framework/Resources ... 
2018-08-31 18:01:59 +0000  linked ./Contents/Frameworks/SWXMLHash.framework/Resources
copying symlink ./Contents/Frameworks/SWXMLHash.framework/SWXMLHash ... 
2018-08-31 18:01:59 +0000  linked ./Contents/Frameworks/SWXMLHash.framework/SWXMLHash
2018-08-31 18:01:59 +0000  copying file ./Contents/Frameworks/SWXMLHash.framework/Versions/A/_CodeSignature/CodeResources ... 
2018-08-31 18:01:59 +0000  2514 bytes for ./Contents/Frameworks/SWXMLHash.framework/Versions/A/_CodeSignature/CodeResources
2018-08-31 18:01:59 +0000  copying file ./Contents/Frameworks/SWXMLHash.framework/Versions/A/Resources/Info.plist ... 
2018-08-31 18:01:59 +0000  1228 bytes for ./Contents/Frameworks/SWXMLHash.framework/Versions/A/Resources/Info.plist
2018-08-31 18:01:59 +0000  copying file ./Contents/Frameworks/SWXMLHash.framework/Versions/A/SWXMLHash ... 
2018-08-31 18:01:59 +0000  339600 bytes for ./Contents/Frameworks/SWXMLHash.framework/Versions/A/SWXMLHash
2018-08-31 18:01:59 +0000  copying symlink ./Contents/Frameworks/SWXMLHash.framework/Versions/Current ... 
linked ./Contents/Frameworks/SWXMLHash.framework/Versions/Current
copying file ./Contents/Info.plist ... 
2307 bytes for ./Contents/Info.plist
copying file ./Contents/MacOS/Apple Device Lookup - Mac ... 
2018-08-31 18:01:59 +0000  86112 bytes for ./Contents/MacOS/Apple Device Lookup - Mac
2018-08-31 18:01:59 +0000  copying file ./Contents/PkgInfo ... 
2018-08-31 18:01:59 +0000  8 bytes for ./Contents/PkgInfo
2018-08-31 18:01:59 +0000  copying file ./Contents/Resources/AppIcon.icns ... 
2018-08-31 18:01:59 +0000  17657 bytes for ./Contents/Resources/AppIcon.icns
2018-08-31 18:01:59 +0000  copying file ./Contents/Resources/Assets.car ... 
2018-08-31 18:01:59 +0000  191496 bytes for ./Contents/Resources/Assets.car
2018-08-31 18:01:59 +0000  copying file ./Contents/Resources/Base.lproj/Main.storyboardc/Info.plist ... 
2018-08-31 18:01:59 +0000  445 bytes for ./Contents/Resources/Base.lproj/Main.storyboardc/Info.plist
copying file ./Contents/Resources/Base.lproj/Main.storyboardc/MainMenu.nib ... 
2018-08-31 18:01:59 +0000  6439 bytes for ./Contents/Resources/Base.lproj/Main.storyboardc/MainMenu.nib
copying file ./Contents/Resources/Base.lproj/Main.storyboardc/NSWindowController-B8D-0N-5wS.nib ... 
2018-08-31 18:01:59 +0000  3880 bytes for ./Contents/Resources/Base.lproj/Main.storyboardc/NSWindowController-B8D-0N-5wS.nib
copying file ./Contents/Resources/Base.lproj/Main.storyboardc/XfG-lQ-9wD-view-m2S-Jp-Qdl.nib ... 
2018-08-31 18:01:59 +0000  16579 bytes for ./Contents/Resources/Base.lproj/Main.storyboardc/XfG-lQ-9wD-view-m2S-Jp-Qdl.nib
2018-08-31 18:01:59 +0000  
2018-08-31 18:01:59 +0000  
2018-08-31 18:01:59 +0000  /usr/bin/ditto exited with 02018-08-31 18:01:59 +0000  

2018-08-31 18:01:59 +0000  2018-08-31 18:01:59 +0000  Processing step: IDEDistributionEmbedProfileStep

2018-08-31 18:01:59 +0000  Skipping profile for item: <IDEDistributionItem: 0x7fdc1c7a0f40 'org.cocoapods.Alamofire' '<DVTFilePath:0x7fdc1cd801c0:'/Users/brianna/Library/Developer/Xcode/Archives/2018-08-31/Apple Device Lookup - Mac 8-31-18, 11.01 AM.xcarchive/Products/Applications/Apple Device Lookup - Mac.app/Contents/Frameworks/Alamofire.framework/Versions/A'>'>
2018-08-31 18:01:59 +0000  Skipping profile for item: <IDEDistributionItem: 0x7fdc1cf20df0 'org.cocoapods.SWXMLHash' '<DVTFilePath:0x7fdc1cec0cc0:'/Users/brianna/Library/Developer/Xcode/Archives/2018-08-31/Apple Device Lookup - Mac 8-31-18, 11.01 AM.xcarchive/Products/Applications/Apple Device Lookup - Mac.app/Contents/Frameworks/SWXMLHash.framework/Versions/A'>'>
2018-08-31 18:01:59 +0000  Skipping profile for item: <IDEDistributionItem: 0x7fdc1ccd1bc0 'com.apple.dt.runtime.swiftAppKit' '<DVTFilePath:0x7fdc1ce93f70:'/Users/brianna/Library/Developer/Xcode/Archives/2018-08-31/Apple Device Lookup - Mac 8-31-18, 11.01 AM.xcarchive/Products/Applications/Apple Device Lookup - Mac.app/Contents/Frameworks/libswiftAppKit.dylib'>'>
2018-08-31 18:01:59 +0000  Skipping profile for item: <IDEDistributionItem: 0x7fdc1cf07ab0 'com.apple.dt.runtime.swiftCore' '<DVTFilePath:0x7fdc30c58cf0:'/Users/brianna/Library/Developer/Xcode/Archives/2018-08-31/Apple Device Lookup - Mac 8-31-18, 11.01 AM.xcarchive/Products/Applications/Apple Device Lookup - Mac.app/Contents/Frameworks/libswiftCore.dylib'>'>
2018-08-31 18:01:59 +0000  Skipping profile for item: <IDEDistributionItem: 0x7fdc1cf3ee80 'com.apple.dt.runtime.swiftCoreData' '<DVTFilePath:0x7fdc17795490:'/Users/brianna/Library/Developer/Xcode/Archives/2018-08-31/Apple Device Lookup - Mac 8-31-18, 11.01 AM.xcarchive/Products/Applications/Apple Device Lookup - Mac.app/Contents/Frameworks/libswiftCoreData.dylib'>'>
2018-08-31 18:01:59 +0000  Skipping profile for item: <IDEDistributionItem: 0x7fdc1cf0f2c0 'com.apple.dt.runtime.swiftCoreFoundation' '<DVTFilePath:0x7fdc1a61c5d0:'/Users/brianna/Library/Developer/Xcode/Archives/2018-08-31/Apple Device Lookup - Mac 8-31-18, 11.01 AM.xcarchive/Products/Applications/Apple Device Lookup - Mac.app/Contents/Frameworks/libswiftCoreFoundation.dylib'>'>
2018-08-31 18:01:59 +0000  Skipping profile for item: <IDEDistributionItem: 0x7fdc1ccd2370 'com.apple.dt.runtime.swiftCoreGraphics' '<DVTFilePath:0x7fdc1c7cc820:'/Users/brianna/Library/Developer/Xcode/Archives/2018-08-31/Apple Device Lookup - Mac 8-31-18, 11.01 AM.xcarchive/Products/Applications/Apple Device Lookup - Mac.app/Contents/Frameworks/libswiftCoreGraphics.dylib'>'>
2018-08-31 18:01:59 +0000  Skipping profile for item: <IDEDistributionItem: 0x7fdc1a4774f0 'com.apple.dt.runtime.swiftCoreImage' '<DVTFilePath:0x7fdc1a5e5ee0:'/Users/brianna/Library/Developer/Xcode/Archives/2018-08-31/Apple Device Lookup - Mac 8-31-18, 11.01 AM.xcarchive/Products/Applications/Apple Device Lookup - Mac.app/Contents/Frameworks/libswiftCoreImage.dylib'>'>
2018-08-31 18:01:59 +0000  Skipping profile for item: <IDEDistributionItem: 0x7fdc17752df0 'com.apple.dt.runtime.swiftDarwin' '<DVTFilePath:0x7fdc1755def0:'/Users/brianna/Library/Developer/Xcode/Archives/2018-08-31/Apple Device Lookup - Mac 8-31-18, 11.01 AM.xcarchive/Products/Applications/Apple Device Lookup - Mac.app/Contents/Frameworks/libswiftDarwin.dylib'>'>
2018-08-31 18:01:59 +0000  Skipping profile for item: <IDEDistributionItem: 0x7fdc1cb82960 'com.apple.dt.runtime.swiftDispatch' '<DVTFilePath:0x7fdc1b5914d0:'/Users/brianna/Library/Developer/Xcode/Archives/2018-08-31/Apple Device Lookup - Mac 8-31-18, 11.01 AM.xcarchive/Products/Applications/Apple Device Lookup - Mac.app/Contents/Frameworks/libswiftDispatch.dylib'>'>
2018-08-31 18:01:59 +0000  Skipping profile for item: <IDEDistributionItem: 0x7fdc1cf2aa60 'com.apple.dt.runtime.swiftFoundation' '<DVTFilePath:0x7fdc1bb3c6e0:'/Users/brianna/Library/Developer/Xcode/Archives/2018-08-31/Apple Device Lookup - Mac 8-31-18, 11.01 AM.xcarchive/Products/Applications/Apple Device Lookup - Mac.app/Contents/Frameworks/libswiftFoundation.dylib'>'>
2018-08-31 18:01:59 +0000  Skipping profile for item: <IDEDistributionItem: 0x7fdc1cf45da0 'com.apple.dt.runtime.swiftIOKit' '<DVTFilePath:0x7fdc1cd82a50:'/Users/brianna/Library/Developer/Xcode/Archives/2018-08-31/Apple Device Lookup - Mac 8-31-18, 11.01 AM.xcarchive/Products/Applications/Apple Device Lookup - Mac.app/Contents/Frameworks/libswiftIOKit.dylib'>'>
2018-08-31 18:01:59 +0000  Skipping profile for item: <IDEDistributionItem: 0x7fdc1cd82d90 'com.apple.dt.runtime.swiftMetal' '<DVTFilePath:0x7fdc1cd3d270:'/Users/brianna/Library/Developer/Xcode/Archives/2018-08-31/Apple Device Lookup - Mac 8-31-18, 11.01 AM.xcarchive/Products/Applications/Apple Device Lookup - Mac.app/Contents/Frameworks/libswiftMetal.dylib'>'>
2018-08-31 18:01:59 +0000  Skipping profile for item: <IDEDistributionItem: 0x7fdc1c7a11a0 'com.apple.dt.runtime.swiftObjectiveC' '<DVTFilePath:0x7fdc16f83560:'/Users/brianna/Library/Developer/Xcode/Archives/2018-08-31/Apple Device Lookup - Mac 8-31-18, 11.01 AM.xcarchive/Products/Applications/Apple Device Lookup - Mac.app/Contents/Frameworks/libswiftObjectiveC.dylib'>'>
2018-08-31 18:01:59 +0000  Skipping profile for item: <IDEDistributionItem: 0x7fdc1a5e4240 'com.apple.dt.runtime.swiftQuartzCore' '<DVTFilePath:0x7fdc1cd9d530:'/Users/brianna/Library/Developer/Xcode/Archives/2018-08-31/Apple Device Lookup - Mac 8-31-18, 11.01 AM.xcarchive/Products/Applications/Apple Device Lookup - Mac.app/Contents/Frameworks/libswiftQuartzCore.dylib'>'>
2018-08-31 18:01:59 +0000  Skipping profile for item: <IDEDistributionItem: 0x7fdc1ce93640 'com.apple.dt.runtime.swiftXPC' '<DVTFilePath:0x7fdc1746fd50:'/Users/brianna/Library/Developer/Xcode/Archives/2018-08-31/Apple Device Lookup - Mac 8-31-18, 11.01 AM.xcarchive/Products/Applications/Apple Device Lookup - Mac.app/Contents/Frameworks/libswiftXPC.dylib'>'>
2018-08-31 18:01:59 +0000  Skipping profile for item: <IDEDistributionItem: 0x7fdc1b397170 'com.apple.dt.runtime.swiftos' '<DVTFilePath:0x7fdc1cd3d310:'/Users/brianna/Library/Developer/Xcode/Archives/2018-08-31/Apple Device Lookup - Mac 8-31-18, 11.01 AM.xcarchive/Products/Applications/Apple Device Lookup - Mac.app/Contents/Frameworks/libswiftos.dylib'>'>
2018-08-31 18:01:59 +0000  Skipping profile for item: <IDEDistributionItem: 0x7fdc1a4806f0 'com.owlydesign.Apple-Device-Lookup---Mac' '<DVTFilePath:0x7fdc1a0046d0:'/Users/brianna/Library/Developer/Xcode/Archives/2018-08-31/Apple Device Lookup - Mac 8-31-18, 11.01 AM.xcarchive/Products/Applications/Apple Device Lookup - Mac.app'>'>
2018-08-31 18:01:59 +0000  Processing step: IDEDistributionAppThinningPlistStep
2018-08-31 18:01:59 +0000  Processing step: IDEDistributionCompileBitcodeStep
2018-08-31 18:01:59 +0000  Skipping step: IDEDistributionCompileBitcodeStep because it said so
2018-08-31 18:01:59 +0000  Processing step: IDEDistributionCodeSlimmingStep
2018-08-31 18:01:59 +0000  Processing step: IDEDistributionCopyBCSymbolMapsStep
2018-08-31 18:01:59 +0000  Skipping step: IDEDistributionCopyBCSymbolMapsStep because it said so
2018-08-31 18:01:59 +0000  Skipping step: IDEDistributionCopyBCSymbolMapsStep because it said so
2018-08-31 18:01:59 +0000  Skipping step: IDEDistributionCopyBCSymbolMapsStep because it said so
2018-08-31 18:01:59 +0000  Skipping step: IDEDistributionCopyBCSymbolMapsStep because it said so
2018-08-31 18:01:59 +0000  Skipping step: IDEDistributionCopyBCSymbolMapsStep because it said so
2018-08-31 18:01:59 +0000  Skipping step: IDEDistributionCopyBCSymbolMapsStep because it said so
2018-08-31 18:01:59 +0000  Skipping step: IDEDistributionCopyBCSymbolMapsStep because it said so
2018-08-31 18:01:59 +0000  Skipping step: IDEDistributionCopyBCSymbolMapsStep because it said so
2018-08-31 18:01:59 +0000  Skipping step: IDEDistributionCopyBCSymbolMapsStep because it said so
2018-08-31 18:01:59 +0000  Skipping step: IDEDistributionCopyBCSymbolMapsStep because it said so
2018-08-31 18:01:59 +0000  Skipping step: IDEDistributionCopyBCSymbolMapsStep because it said so
2018-08-31 18:01:59 +0000  Skipping step: IDEDistributionCopyBCSymbolMapsStep because it said so
2018-08-31 18:01:59 +0000  Skipping step: IDEDistributionCopyBCSymbolMapsStep because it said so
2018-08-31 18:01:59 +0000  Skipping step: IDEDistributionCopyBCSymbolMapsStep because it said so
2018-08-31 18:01:59 +0000  Skipping step: IDEDistributionCopyBCSymbolMapsStep because it said so
2018-08-31 18:01:59 +0000  Skipping step: IDEDistributionCopyBCSymbolMapsStep because it said so
2018-08-31 18:01:59 +0000  Skipping step: IDEDistributionCopyBCSymbolMapsStep because it said so
2018-08-31 18:01:59 +0000  Skipping step: IDEDistributionCopyBCSymbolMapsStep because it said so
2018-08-31 18:01:59 +0000  Processing step: IDEDistributionSymbolsStep
2018-08-31 18:01:59 +0000  Skipping step: IDEDistributionSymbolsStep because it said so
2018-08-31 18:01:59 +0000  Skipping step: IDEDistributionSymbolsStep because it said so
2018-08-31 18:01:59 +0000  Skipping step: IDEDistributionSymbolsStep because it said so
2018-08-31 18:01:59 +0000  Skipping step: IDEDistributionSymbolsStep because it said so
2018-08-31 18:01:59 +0000  Skipping step: IDEDistributionSymbolsStep because it said so
2018-08-31 18:01:59 +0000  Skipping step: IDEDistributionSymbolsStep because it said so
2018-08-31 18:01:59 +0000  Skipping step: IDEDistributionSymbolsStep because it said so
2018-08-31 18:01:59 +0000  Skipping step: IDEDistributionSymbolsStep because it said so
2018-08-31 18:01:59 +0000  Skipping step: IDEDistributionSymbolsStep because it said so
2018-08-31 18:01:59 +0000  Skipping step: IDEDistributionSymbolsStep because it said so
2018-08-31 18:01:59 +0000  Skipping step: IDEDistributionSymbolsStep because it said so
2018-08-31 18:01:59 +0000  Skipping step: IDEDistributionSymbolsStep because it said so
2018-08-31 18:01:59 +0000  Skipping step: IDEDistributionSymbolsStep because it said so
2018-08-31 18:01:59 +0000  Skipping step: IDEDistributionSymbolsStep because it said so
2018-08-31 18:01:59 +0000  Skipping step: IDEDistributionSymbolsStep because it said so
2018-08-31 18:01:59 +0000  Skipping step: IDEDistributionSymbolsStep because it said so
2018-08-31 18:01:59 +0000  Skipping step: IDEDistributionSymbolsStep because it said so
2018-08-31 18:01:59 +0000  Skipping step: IDEDistributionSymbolsStep because it said so
2018-08-31 18:01:59 +0000  Processing step: IDEDistributionAppThinningStep
2018-08-31 18:01:59 +0000  Skipping step: IDEDistributionAppThinningStep because it said so
2018-08-31 18:01:59 +0000  Processing step: IDEDistributionODRStep
2018-08-31 18:01:59 +0000  Processing step: IDEDistributionStripXattrsStep
2018-08-31 18:01:59 +0000  Skipping stripping extended attributes of item: <IDEDistributionItem: 0x7fdc1c7a0f40 'org.cocoapods.Alamofire' '<DVTFilePath:0x7fdc1cd801c0:'/Users/brianna/Library/Developer/Xcode/Archives/2018-08-31/Apple Device Lookup - Mac 8-31-18, 11.01 AM.xcarchive/Products/Applications/Apple Device Lookup - Mac.app/Contents/Frameworks/Alamofire.framework/Versions/A'>'>
2018-08-31 18:01:59 +0000  Skipping stripping extended attributes of item: <IDEDistributionItem: 0x7fdc1cf20df0 'org.cocoapods.SWXMLHash' '<DVTFilePath:0x7fdc1cec0cc0:'/Users/brianna/Library/Developer/Xcode/Archives/2018-08-31/Apple Device Lookup - Mac 8-31-18, 11.01 AM.xcarchive/Products/Applications/Apple Device Lookup - Mac.app/Contents/Frameworks/SWXMLHash.framework/Versions/A'>'>
2018-08-31 18:01:59 +0000  Skipping stripping extended attributes of item: <IDEDistributionItem: 0x7fdc1ccd1bc0 'com.apple.dt.runtime.swiftAppKit' '<DVTFilePath:0x7fdc1ce93f70:'/Users/brianna/Library/Developer/Xcode/Archives/2018-08-31/Apple Device Lookup - Mac 8-31-18, 11.01 AM.xcarchive/Products/Applications/Apple Device Lookup - Mac.app/Contents/Frameworks/libswiftAppKit.dylib'>'>
2018-08-31 18:01:59 +0000  Skipping stripping extended attributes of item: <IDEDistributionItem: 0x7fdc1cf07ab0 'com.apple.dt.runtime.swiftCore' '<DVTFilePath:0x7fdc30c58cf0:'/Users/brianna/Library/Developer/Xcode/Archives/2018-08-31/Apple Device Lookup - Mac 8-31-18, 11.01 AM.xcarchive/Products/Applications/Apple Device Lookup - Mac.app/Contents/Frameworks/libswiftCore.dylib'>'>
2018-08-31 18:01:59 +0000  Skipping stripping extended attributes of item: <IDEDistributionItem: 0x7fdc1cf3ee80 'com.apple.dt.runtime.swiftCoreData' '<DVTFilePath:0x7fdc17795490:'/Users/brianna/Library/Developer/Xcode/Archives/2018-08-31/Apple Device Lookup - Mac 8-31-18, 11.01 AM.xcarchive/Products/Applications/Apple Device Lookup - Mac.app/Contents/Frameworks/libswiftCoreData.dylib'>'>
2018-08-31 18:01:59 +0000  Skipping stripping extended attributes of item: <IDEDistributionItem: 0x7fdc1cf0f2c0 'com.apple.dt.runtime.swiftCoreFoundation' '<DVTFilePath:0x7fdc1a61c5d0:'/Users/brianna/Library/Developer/Xcode/Archives/2018-08-31/Apple Device Lookup - Mac 8-31-18, 11.01 AM.xcarchive/Products/Applications/Apple Device Lookup - Mac.app/Contents/Frameworks/libswiftCoreFoundation.dylib'>'>
2018-08-31 18:01:59 +0000  Skipping stripping extended attributes of item: <IDEDistributionItem: 0x7fdc1ccd2370 'com.apple.dt.runtime.swiftCoreGraphics' '<DVTFilePath:0x7fdc1c7cc820:'/Users/brianna/Library/Developer/Xcode/Archives/2018-08-31/Apple Device Lookup - Mac 8-31-18, 11.01 AM.xcarchive/Products/Applications/Apple Device Lookup - Mac.app/Contents/Frameworks/libswiftCoreGraphics.dylib'>'>
2018-08-31 18:01:59 +0000  Skipping stripping extended attributes of item: <IDEDistributionItem: 0x7fdc1a4774f0 'com.apple.dt.runtime.swiftCoreImage' '<DVTFilePath:0x7fdc1a5e5ee0:'/Users/brianna/Library/Developer/Xcode/Archives/2018-08-31/Apple Device Lookup - Mac 8-31-18, 11.01 AM.xcarchive/Products/Applications/Apple Device Lookup - Mac.app/Contents/Frameworks/libswiftCoreImage.dylib'>'>
2018-08-31 18:01:59 +0000  Skipping stripping extended attributes of item: <IDEDistributionItem: 0x7fdc17752df0 'com.apple.dt.runtime.swiftDarwin' '<DVTFilePath:0x7fdc1755def0:'/Users/brianna/Library/Developer/Xcode/Archives/2018-08-31/Apple Device Lookup - Mac 8-31-18, 11.01 AM.xcarchive/Products/Applications/Apple Device Lookup - Mac.app/Contents/Frameworks/libswiftDarwin.dylib'>'>
2018-08-31 18:01:59 +0000  Skipping stripping extended attributes of item: <IDEDistributionItem: 0x7fdc1cb82960 'com.apple.dt.runtime.swiftDispatch' '<DVTFilePath:0x7fdc1b5914d0:'/Users/brianna/Library/Developer/Xcode/Archives/2018-08-31/Apple Device Lookup - Mac 8-31-18, 11.01 AM.xcarchive/Products/Applications/Apple Device Lookup - Mac.app/Contents/Frameworks/libswiftDispatch.dylib'>'>
2018-08-31 18:01:59 +0000  Skipping stripping extended attributes of item: <IDEDistributionItem: 0x7fdc1cf2aa60 'com.apple.dt.runtime.swiftFoundation' '<DVTFilePath:0x7fdc1bb3c6e0:'/Users/brianna/Library/Developer/Xcode/Archives/2018-08-31/Apple Device Lookup - Mac 8-31-18, 11.01 AM.xcarchive/Products/Applications/Apple Device Lookup - Mac.app/Contents/Frameworks/libswiftFoundation.dylib'>'>
2018-08-31 18:01:59 +0000  Skipping stripping extended attributes of item: <IDEDistributionItem: 0x7fdc1cf45da0 'com.apple.dt.runtime.swiftIOKit' '<DVTFilePath:0x7fdc1cd82a50:'/Users/brianna/Library/Developer/Xcode/Archives/2018-08-31/Apple Device Lookup - Mac 8-31-18, 11.01 AM.xcarchive/Products/Applications/Apple Device Lookup - Mac.app/Contents/Frameworks/libswiftIOKit.dylib'>'>
2018-08-31 18:01:59 +0000  Skipping stripping extended attributes of item: <IDEDistributionItem: 0x7fdc1cd82d90 'com.apple.dt.runtime.swiftMetal' '<DVTFilePath:0x7fdc1cd3d270:'/Users/brianna/Library/Developer/Xcode/Archives/2018-08-31/Apple Device Lookup - Mac 8-31-18, 11.01 AM.xcarchive/Products/Applications/Apple Device Lookup - Mac.app/Contents/Frameworks/libswiftMetal.dylib'>'>
2018-08-31 18:01:59 +0000  Skipping stripping extended attributes of item: <IDEDistributionItem: 0x7fdc1c7a11a0 'com.apple.dt.runtime.swiftObjectiveC' '<DVTFilePath:0x7fdc16f83560:'/Users/brianna/Library/Developer/Xcode/Archives/2018-08-31/Apple Device Lookup - Mac 8-31-18, 11.01 AM.xcarchive/Products/Applications/Apple Device Lookup - Mac.app/Contents/Frameworks/libswiftObjectiveC.dylib'>'>
2018-08-31 18:01:59 +0000  Skipping stripping extended attributes of item: <IDEDistributionItem: 0x7fdc1a5e4240 'com.apple.dt.runtime.swiftQuartzCore' '<DVTFilePath:0x7fdc1cd9d530:'/Users/brianna/Library/Developer/Xcode/Archives/2018-08-31/Apple Device Lookup - Mac 8-31-18, 11.01 AM.xcarchive/Products/Applications/Apple Device Lookup - Mac.app/Contents/Frameworks/libswiftQuartzCore.dylib'>'>
2018-08-31 18:01:59 +0000  Skipping stripping extended attributes of item: <IDEDistributionItem: 0x7fdc1ce93640 'com.apple.dt.runtime.swiftXPC' '<DVTFilePath:0x7fdc1746fd50:'/Users/brianna/Library/Developer/Xcode/Archives/2018-08-31/Apple Device Lookup - Mac 8-31-18, 11.01 AM.xcarchive/Products/Applications/Apple Device Lookup - Mac.app/Contents/Frameworks/libswiftXPC.dylib'>'>
2018-08-31 18:01:59 +0000  Skipping stripping extended attributes of item: <IDEDistributionItem: 0x7fdc1b397170 'com.apple.dt.runtime.swiftos' '<DVTFilePath:0x7fdc1cd3d310:'/Users/brianna/Library/Developer/Xcode/Archives/2018-08-31/Apple Device Lookup - Mac 8-31-18, 11.01 AM.xcarchive/Products/Applications/Apple Device Lookup - Mac.app/Contents/Frameworks/libswiftos.dylib'>'>
2018-08-31 18:01:59 +0000  Running /usr/bin/xattr '-crs' '/var/folders/kz/kp6k0tz126x4wdk0nr1phz300000gn/T/XcodeDistPipeline.Scv/Root/Applications/Apple Device Lookup - Mac.app'
2018-08-31 18:02:00 +0000  
2018-08-31 18:02:00 +0000  /usr/bin/xattr exited with 02018-08-31 18:02:00 +0000  

2018-08-31 18:02:00 +0000  
2018-08-31 18:02:00 +0000  Processing step: IDEDistributionCodesignStep
2018-08-31 18:02:00 +0000  Entitlements for <IDEDistributionItem: 0x7fdc1c7a0f40 'org.cocoapods.Alamofire' '<DVTFilePath:0x7fdc1cd801c0:'/Users/brianna/Library/Developer/Xcode/Archives/2018-08-31/Apple Device Lookup - Mac 8-31-18, 11.01 AM.xcarchive/Products/Applications/Apple Device Lookup - Mac.app/Contents/Frameworks/Alamofire.framework/Versions/A'>'>: {
}
2018-08-31 18:02:00 +0000  Writing entitlements for <IDEDistributionItem: 0x7fdc1c7a0f40 'org.cocoapods.Alamofire' '<DVTFilePath:0x7fdc1cd801c0:'/Users/brianna/Library/Developer/Xcode/Archives/2018-08-31/Apple Device Lookup - Mac 8-31-18, 11.01 AM.xcarchive/Products/Applications/Apple Device Lookup - Mac.app/Contents/Frameworks/Alamofire.framework/Versions/A'>'> to: /var/folders/kz/kp6k0tz126x4wdk0nr1phz300000gn/T/XcodeDistPipeline.Scv/entitlementsoqsEsq
2018-08-31 18:02:00 +0000  Running /usr/bin/codesign '-vvv' '--force' '--sign' '652630EE3706371C33AED7521A2410F6546B346B' '--preserve-metadata=identifier,flags' '--entitlements' '/var/folders/kz/kp6k0tz126x4wdk0nr1phz300000gn/T/XcodeDistPipeline.Scv/entitlementsoqsEsq' '--requirements' '=designated => anchor apple generic  and identifier "$self.identifier" and ((cert leaf[field.1.2.840.113635.100.6.1.9] exists) or ( certificate 1[field.1.2.840.113635.100.6.2.6] exists and certificate leaf[field.1.2.840.113635.100.6.1.13] exists  and certificate leaf[subject.OU] = "9F4WXH899R" ))' '/var/folders/kz/kp6k0tz126x4wdk0nr1phz300000gn/T/XcodeDistPipeline.Scv/Root/Applications/Apple Device Lookup - Mac.app/Contents/Frameworks/Alamofire.framework/Versions/A'
2018-08-31 18:02:00 +0000  /var/folders/kz/kp6k0tz126x4wdk0nr1phz300000gn/T/XcodeDistPipeline.Scv/Root/Applications/Apple Device Lookup - Mac.app/Contents/Frameworks/Alamofire.framework/Versions/A: replacing existing signature
2018-08-31 18:02:07 +0000  /var/folders/kz/kp6k0tz126x4wdk0nr1phz300000gn/T/XcodeDistPipeline.Scv/Root/Applications/Apple Device Lookup - Mac.app/Contents/Frameworks/Alamofire.framework/Versions/A: signed bundle with Mach-O thin (x86_64) [org.cocoapods.Alamofire]
2018-08-31 18:02:07 +0000  2018-08-31 18:02:07 +0000  /usr/bin/codesign exited with 0

2018-08-31 18:02:07 +0000  
2018-08-31 18:02:07 +0000  Entitlements for <IDEDistributionItem: 0x7fdc1cf20df0 'org.cocoapods.SWXMLHash' '<DVTFilePath:0x7fdc1cec0cc0:'/Users/brianna/Library/Developer/Xcode/Archives/2018-08-31/Apple Device Lookup - Mac 8-31-18, 11.01 AM.xcarchive/Products/Applications/Apple Device Lookup - Mac.app/Contents/Frameworks/SWXMLHash.framework/Versions/A'>'>: {
}
2018-08-31 18:02:07 +0000  Writing entitlements for <IDEDistributionItem: 0x7fdc1cf20df0 'org.cocoapods.SWXMLHash' '<DVTFilePath:0x7fdc1cec0cc0:'/Users/brianna/Library/Developer/Xcode/Archives/2018-08-31/Apple Device Lookup - Mac 8-31-18, 11.01 AM.xcarchive/Products/Applications/Apple Device Lookup - Mac.app/Contents/Frameworks/SWXMLHash.framework/Versions/A'>'> to: /var/folders/kz/kp6k0tz126x4wdk0nr1phz300000gn/T/XcodeDistPipeline.Scv/entitlementsPrqdlK
2018-08-31 18:02:07 +0000  Running /usr/bin/codesign '-vvv' '--force' '--sign' '652630EE3706371C33AED7521A2410F6546B346B' '--preserve-metadata=identifier,flags' '--entitlements' '/var/folders/kz/kp6k0tz126x4wdk0nr1phz300000gn/T/XcodeDistPipeline.Scv/entitlementsPrqdlK' '--requirements' '=designated => anchor apple generic  and identifier "$self.identifier" and ((cert leaf[field.1.2.840.113635.100.6.1.9] exists) or ( certificate 1[field.1.2.840.113635.100.6.2.6] exists and certificate leaf[field.1.2.840.113635.100.6.1.13] exists  and certificate leaf[subject.OU] = "9F4WXH899R" ))' '/var/folders/kz/kp6k0tz126x4wdk0nr1phz300000gn/T/XcodeDistPipeline.Scv/Root/Applications/Apple Device Lookup - Mac.app/Contents/Frameworks/SWXMLHash.framework/Versions/A'
2018-08-31 18:02:07 +0000  /var/folders/kz/kp6k0tz126x4wdk0nr1phz300000gn/T/XcodeDistPipeline.Scv/Root/Applications/Apple Device Lookup - Mac.app/Contents/Frameworks/SWXMLHash.framework/Versions/A: replacing existing signature
2018-08-31 18:02:07 +0000  /var/folders/kz/kp6k0tz126x4wdk0nr1phz300000gn/T/XcodeDistPipeline.Scv/Root/Applications/Apple Device Lookup - Mac.app/Contents/Frameworks/SWXMLHash.framework/Versions/A: signed bundle with Mach-O thin (x86_64) [org.cocoapods.SWXMLHash]
2018-08-31 18:02:07 +0000  
2018-08-31 18:02:07 +0000  2018-08-31 18:02:07 +0000  /usr/bin/codesign exited with 0

2018-08-31 18:02:07 +0000  2018-08-31 18:02:07 +0000  

2018-08-31 18:02:07 +0000  Entitlements for <IDEDistributionItem: 0x7fdc1ccd1bc0 'com.apple.dt.runtime.swiftAppKit' '<DVTFilePath:0x7fdc1ce93f70:'/Users/brianna/Library/Developer/Xcode/Archives/2018-08-31/Apple Device Lookup - Mac 8-31-18, 11.01 AM.xcarchive/Products/Applications/Apple Device Lookup - Mac.app/Contents/Frameworks/libswiftAppKit.dylib'>'>: {
}
2018-08-31 18:02:07 +0000  Writing entitlements for <IDEDistributionItem: 0x7fdc1ccd1bc0 'com.apple.dt.runtime.swiftAppKit' '<DVTFilePath:0x7fdc1ce93f70:'/Users/brianna/Library/Developer/Xcode/Archives/2018-08-31/Apple Device Lookup - Mac 8-31-18, 11.01 AM.xcarchive/Products/Applications/Apple Device Lookup - Mac.app/Contents/Frameworks/libswiftAppKit.dylib'>'> to: /var/folders/kz/kp6k0tz126x4wdk0nr1phz300000gn/T/XcodeDistPipeline.Scv/entitlementsNg8w2I
2018-08-31 18:02:07 +0000  Running /usr/bin/codesign '-vvv' '--force' '--sign' '652630EE3706371C33AED7521A2410F6546B346B' '--preserve-metadata=identifier,flags' '--entitlements' '/var/folders/kz/kp6k0tz126x4wdk0nr1phz300000gn/T/XcodeDistPipeline.Scv/entitlementsNg8w2I' '--requirements' '=designated => anchor apple generic  and identifier "$self.identifier" and ((cert leaf[field.1.2.840.113635.100.6.1.9] exists) or ( certificate 1[field.1.2.840.113635.100.6.2.6] exists and certificate leaf[field.1.2.840.113635.100.6.1.13] exists  and certificate leaf[subject.OU] = "9F4WXH899R" ))' '/var/folders/kz/kp6k0tz126x4wdk0nr1phz300000gn/T/XcodeDistPipeline.Scv/Root/Applications/Apple Device Lookup - Mac.app/Contents/Frameworks/libswiftAppKit.dylib'
2018-08-31 18:02:07 +0000  /var/folders/kz/kp6k0tz126x4wdk0nr1phz300000gn/T/XcodeDistPipeline.Scv/Root/Applications/Apple Device Lookup - Mac.app/Contents/Frameworks/libswiftAppKit.dylib: replacing existing signature
2018-08-31 18:02:08 +0000  /var/folders/kz/kp6k0tz126x4wdk0nr1phz300000gn/T/XcodeDistPipeline.Scv/Root/Applications/Apple Device Lookup - Mac.app/Contents/Frameworks/libswiftAppKit.dylib: signed Mach-O thin (x86_64) [com.apple.dt.runtime.swiftAppKit]
2018-08-31 18:02:08 +0000  
2018-08-31 18:02:08 +0000  
2018-08-31 18:02:08 +0000  2018-08-31 18:02:08 +0000  /usr/bin/codesign exited with 0

2018-08-31 18:02:08 +0000  2018-08-31 18:02:08 +0000  

2018-08-31 18:02:08 +0000  Entitlements for <IDEDistributionItem: 0x7fdc1cf07ab0 'com.apple.dt.runtime.swiftCore' '<DVTFilePath:0x7fdc30c58cf0:'/Users/brianna/Library/Developer/Xcode/Archives/2018-08-31/Apple Device Lookup - Mac 8-31-18, 11.01 AM.xcarchive/Products/Applications/Apple Device Lookup - Mac.app/Contents/Frameworks/libswiftCore.dylib'>'>: {
}
2018-08-31 18:02:08 +0000  Writing entitlements for <IDEDistributionItem: 0x7fdc1cf07ab0 'com.apple.dt.runtime.swiftCore' '<DVTFilePath:0x7fdc30c58cf0:'/Users/brianna/Library/Developer/Xcode/Archives/2018-08-31/Apple Device Lookup - Mac 8-31-18, 11.01 AM.xcarchive/Products/Applications/Apple Device Lookup - Mac.app/Contents/Frameworks/libswiftCore.dylib'>'> to: /var/folders/kz/kp6k0tz126x4wdk0nr1phz300000gn/T/XcodeDistPipeline.Scv/entitlementsIdhmKZ
2018-08-31 18:02:08 +0000  Running /usr/bin/codesign '-vvv' '--force' '--sign' '652630EE3706371C33AED7521A2410F6546B346B' '--preserve-metadata=identifier,flags' '--entitlements' '/var/folders/kz/kp6k0tz126x4wdk0nr1phz300000gn/T/XcodeDistPipeline.Scv/entitlementsIdhmKZ' '--requirements' '=designated => anchor apple generic  and identifier "$self.identifier" and ((cert leaf[field.1.2.840.113635.100.6.1.9] exists) or ( certificate 1[field.1.2.840.113635.100.6.2.6] exists and certificate leaf[field.1.2.840.113635.100.6.1.13] exists  and certificate leaf[subject.OU] = "9F4WXH899R" ))' '/var/folders/kz/kp6k0tz126x4wdk0nr1phz300000gn/T/XcodeDistPipeline.Scv/Root/Applications/Apple Device Lookup - Mac.app/Contents/Frameworks/libswiftCore.dylib'
2018-08-31 18:02:08 +0000  /var/folders/kz/kp6k0tz126x4wdk0nr1phz300000gn/T/XcodeDistPipeline.Scv/Root/Applications/Apple Device Lookup - Mac.app/Contents/Frameworks/libswiftCore.dylib: replacing existing signature
2018-08-31 18:02:08 +0000  /var/folders/kz/kp6k0tz126x4wdk0nr1phz300000gn/T/XcodeDistPipeline.Scv/Root/Applications/Apple Device Lookup - Mac.app/Contents/Frameworks/libswiftCore.dylib: signed Mach-O thin (x86_64) [com.apple.dt.runtime.swiftCore]
2018-08-31 18:02:08 +0000  
2018-08-31 18:02:08 +0000  2018-08-31 18:02:08 +0000  /usr/bin/codesign exited with 0

2018-08-31 18:02:08 +0000  
2018-08-31 18:02:08 +0000  Entitlements for <IDEDistributionItem: 0x7fdc1cf3ee80 'com.apple.dt.runtime.swiftCoreData' '<DVTFilePath:0x7fdc17795490:'/Users/brianna/Library/Developer/Xcode/Archives/2018-08-31/Apple Device Lookup - Mac 8-31-18, 11.01 AM.xcarchive/Products/Applications/Apple Device Lookup - Mac.app/Contents/Frameworks/libswiftCoreData.dylib'>'>: {
}
2018-08-31 18:02:08 +0000  Writing entitlements for <IDEDistributionItem: 0x7fdc1cf3ee80 'com.apple.dt.runtime.swiftCoreData' '<DVTFilePath:0x7fdc17795490:'/Users/brianna/Library/Developer/Xcode/Archives/2018-08-31/Apple Device Lookup - Mac 8-31-18, 11.01 AM.xcarchive/Products/Applications/Apple Device Lookup - Mac.app/Contents/Frameworks/libswiftCoreData.dylib'>'> to: /var/folders/kz/kp6k0tz126x4wdk0nr1phz300000gn/T/XcodeDistPipeline.Scv/entitlementsb5iIpK
2018-08-31 18:02:08 +0000  Running /usr/bin/codesign '-vvv' '--force' '--sign' '652630EE3706371C33AED7521A2410F6546B346B' '--preserve-metadata=identifier,flags' '--entitlements' '/var/folders/kz/kp6k0tz126x4wdk0nr1phz300000gn/T/XcodeDistPipeline.Scv/entitlementsb5iIpK' '--requirements' '=designated => anchor apple generic  and identifier "$self.identifier" and ((cert leaf[field.1.2.840.113635.100.6.1.9] exists) or ( certificate 1[field.1.2.840.113635.100.6.2.6] exists and certificate leaf[field.1.2.840.113635.100.6.1.13] exists  and certificate leaf[subject.OU] = "9F4WXH899R" ))' '/var/folders/kz/kp6k0tz126x4wdk0nr1phz300000gn/T/XcodeDistPipeline.Scv/Root/Applications/Apple Device Lookup - Mac.app/Contents/Frameworks/libswiftCoreData.dylib'
2018-08-31 18:02:08 +0000  /var/folders/kz/kp6k0tz126x4wdk0nr1phz300000gn/T/XcodeDistPipeline.Scv/Root/Applications/Apple Device Lookup - Mac.app/Contents/Frameworks/libswiftCoreData.dylib: replacing existing signature
2018-08-31 18:02:08 +0000  /var/folders/kz/kp6k0tz126x4wdk0nr1phz300000gn/T/XcodeDistPipeline.Scv/Root/Applications/Apple Device Lookup - Mac.app/Contents/Frameworks/libswiftCoreData.dylib: signed Mach-O thin (x86_64) [com.apple.dt.runtime.swiftCoreData]
2018-08-31 18:02:08 +0000  
2018-08-31 18:02:08 +0000  
2018-08-31 18:02:08 +0000  
2018-08-31 18:02:08 +0000  2018-08-31 18:02:08 +0000  /usr/bin/codesign exited with 0

2018-08-31 18:02:08 +0000  
2018-08-31 18:02:08 +0000  
2018-08-31 18:02:08 +0000  Entitlements for <IDEDistributionItem: 0x7fdc1cf0f2c0 'com.apple.dt.runtime.swiftCoreFoundation' '<DVTFilePath:0x7fdc1a61c5d0:'/Users/brianna/Library/Developer/Xcode/Archives/2018-08-31/Apple Device Lookup - Mac 8-31-18, 11.01 AM.xcarchive/Products/Applications/Apple Device Lookup - Mac.app/Contents/Frameworks/libswiftCoreFoundation.dylib'>'>: {
}
2018-08-31 18:02:08 +0000  Writing entitlements for <IDEDistributionItem: 0x7fdc1cf0f2c0 'com.apple.dt.runtime.swiftCoreFoundation' '<DVTFilePath:0x7fdc1a61c5d0:'/Users/brianna/Library/Developer/Xcode/Archives/2018-08-31/Apple Device Lookup - Mac 8-31-18, 11.01 AM.xcarchive/Products/Applications/Apple Device Lookup - Mac.app/Contents/Frameworks/libswiftCoreFoundation.dylib'>'> to: /var/folders/kz/kp6k0tz126x4wdk0nr1phz300000gn/T/XcodeDistPipeline.Scv/entitlements9P6RTT
2018-08-31 18:02:08 +0000  Running /usr/bin/codesign '-vvv' '--force' '--sign' '652630EE3706371C33AED7521A2410F6546B346B' '--preserve-metadata=identifier,flags' '--entitlements' '/var/folders/kz/kp6k0tz126x4wdk0nr1phz300000gn/T/XcodeDistPipeline.Scv/entitlements9P6RTT' '--requirements' '=designated => anchor apple generic  and identifier "$self.identifier" and ((cert leaf[field.1.2.840.113635.100.6.1.9] exists) or ( certificate 1[field.1.2.840.113635.100.6.2.6] exists and certificate leaf[field.1.2.840.113635.100.6.1.13] exists  and certificate leaf[subject.OU] = "9F4WXH899R" ))' '/var/folders/kz/kp6k0tz126x4wdk0nr1phz300000gn/T/XcodeDistPipeline.Scv/Root/Applications/Apple Device Lookup - Mac.app/Contents/Frameworks/libswiftCoreFoundation.dylib'
2018-08-31 18:02:08 +0000  /var/folders/kz/kp6k0tz126x4wdk0nr1phz300000gn/T/XcodeDistPipeline.Scv/Root/Applications/Apple Device Lookup - Mac.app/Contents/Frameworks/libswiftCoreFoundation.dylib: replacing existing signature
2018-08-31 18:02:08 +0000  /var/folders/kz/kp6k0tz126x4wdk0nr1phz300000gn/T/XcodeDistPipeline.Scv/Root/Applications/Apple Device Lookup - Mac.app/Contents/Frameworks/libswiftCoreFoundation.dylib: signed Mach-O thin (x86_64) [com.apple.dt.runtime.swiftCoreFoundation]
2018-08-31 18:02:08 +0000  
2018-08-31 18:02:08 +0000  
2018-08-31 18:02:08 +0000  2018-08-31 18:02:08 +0000  /usr/bin/codesign exited with 0

2018-08-31 18:02:08 +0000  
2018-08-31 18:02:08 +0000  Entitlements for <IDEDistributionItem: 0x7fdc1ccd2370 'com.apple.dt.runtime.swiftCoreGraphics' '<DVTFilePath:0x7fdc1c7cc820:'/Users/brianna/Library/Developer/Xcode/Archives/2018-08-31/Apple Device Lookup - Mac 8-31-18, 11.01 AM.xcarchive/Products/Applications/Apple Device Lookup - Mac.app/Contents/Frameworks/libswiftCoreGraphics.dylib'>'>: {
}
2018-08-31 18:02:08 +0000  Writing entitlements for <IDEDistributionItem: 0x7fdc1ccd2370 'com.apple.dt.runtime.swiftCoreGraphics' '<DVTFilePath:0x7fdc1c7cc820:'/Users/brianna/Library/Developer/Xcode/Archives/2018-08-31/Apple Device Lookup - Mac 8-31-18, 11.01 AM.xcarchive/Products/Applications/Apple Device Lookup - Mac.app/Contents/Frameworks/libswiftCoreGraphics.dylib'>'> to: /var/folders/kz/kp6k0tz126x4wdk0nr1phz300000gn/T/XcodeDistPipeline.Scv/entitlementsJRKYcB
2018-08-31 18:02:08 +0000  Running /usr/bin/codesign '-vvv' '--force' '--sign' '652630EE3706371C33AED7521A2410F6546B346B' '--preserve-metadata=identifier,flags' '--entitlements' '/var/folders/kz/kp6k0tz126x4wdk0nr1phz300000gn/T/XcodeDistPipeline.Scv/entitlementsJRKYcB' '--requirements' '=designated => anchor apple generic  and identifier "$self.identifier" and ((cert leaf[field.1.2.840.113635.100.6.1.9] exists) or ( certificate 1[field.1.2.840.113635.100.6.2.6] exists and certificate leaf[field.1.2.840.113635.100.6.1.13] exists  and certificate leaf[subject.OU] = "9F4WXH899R" ))' '/var/folders/kz/kp6k0tz126x4wdk0nr1phz300000gn/T/XcodeDistPipeline.Scv/Root/Applications/Apple Device Lookup - Mac.app/Contents/Frameworks/libswiftCoreGraphics.dylib'
2018-08-31 18:02:08 +0000  /var/folders/kz/kp6k0tz126x4wdk0nr1phz300000gn/T/XcodeDistPipeline.Scv/Root/Applications/Apple Device Lookup - Mac.app/Contents/Frameworks/libswiftCoreGraphics.dylib: replacing existing signature
2018-08-31 18:02:08 +0000  /var/folders/kz/kp6k0tz126x4wdk0nr1phz300000gn/T/XcodeDistPipeline.Scv/Root/Applications/Apple Device Lookup - Mac.app/Contents/Frameworks/libswiftCoreGraphics.dylib: signed Mach-O thin (x86_64) [com.apple.dt.runtime.swiftCoreGraphics]
2018-08-31 18:02:08 +0000  
2018-08-31 18:02:08 +0000  2018-08-31 18:02:08 +0000  /usr/bin/codesign exited with 0

2018-08-31 18:02:08 +0000  2018-08-31 18:02:08 +0000  

2018-08-31 18:02:08 +0000  Entitlements for <IDEDistributionItem: 0x7fdc1a4774f0 'com.apple.dt.runtime.swiftCoreImage' '<DVTFilePath:0x7fdc1a5e5ee0:'/Users/brianna/Library/Developer/Xcode/Archives/2018-08-31/Apple Device Lookup - Mac 8-31-18, 11.01 AM.xcarchive/Products/Applications/Apple Device Lookup - Mac.app/Contents/Frameworks/libswiftCoreImage.dylib'>'>: {
}
2018-08-31 18:02:09 +0000  Writing entitlements for <IDEDistributionItem: 0x7fdc1a4774f0 'com.apple.dt.runtime.swiftCoreImage' '<DVTFilePath:0x7fdc1a5e5ee0:'/Users/brianna/Library/Developer/Xcode/Archives/2018-08-31/Apple Device Lookup - Mac 8-31-18, 11.01 AM.xcarchive/Products/Applications/Apple Device Lookup - Mac.app/Contents/Frameworks/libswiftCoreImage.dylib'>'> to: /var/folders/kz/kp6k0tz126x4wdk0nr1phz300000gn/T/XcodeDistPipeline.Scv/entitlements3Zsvha
2018-08-31 18:02:09 +0000  Running /usr/bin/codesign '-vvv' '--force' '--sign' '652630EE3706371C33AED7521A2410F6546B346B' '--preserve-metadata=identifier,flags' '--entitlements' '/var/folders/kz/kp6k0tz126x4wdk0nr1phz300000gn/T/XcodeDistPipeline.Scv/entitlements3Zsvha' '--requirements' '=designated => anchor apple generic  and identifier "$self.identifier" and ((cert leaf[field.1.2.840.113635.100.6.1.9] exists) or ( certificate 1[field.1.2.840.113635.100.6.2.6] exists and certificate leaf[field.1.2.840.113635.100.6.1.13] exists  and certificate leaf[subject.OU] = "9F4WXH899R" ))' '/var/folders/kz/kp6k0tz126x4wdk0nr1phz300000gn/T/XcodeDistPipeline.Scv/Root/Applications/Apple Device Lookup - Mac.app/Contents/Frameworks/libswiftCoreImage.dylib'
2018-08-31 18:02:09 +0000  /var/folders/kz/kp6k0tz126x4wdk0nr1phz300000gn/T/XcodeDistPipeline.Scv/Root/Applications/Apple Device Lookup - Mac.app/Contents/Frameworks/libswiftCoreImage.dylib: replacing existing signature
2018-08-31 18:02:09 +0000  /var/folders/kz/kp6k0tz126x4wdk0nr1phz300000gn/T/XcodeDistPipeline.Scv/Root/Applications/Apple Device Lookup - Mac.app/Contents/Frameworks/libswiftCoreImage.dylib: signed Mach-O thin (x86_64) [com.apple.dt.runtime.swiftCoreImage]
2018-08-31 18:02:09 +0000  
2018-08-31 18:02:09 +0000  
2018-08-31 18:02:09 +0000  
2018-08-31 18:02:09 +0000  /usr/bin/codesign exited with 02018-08-31 18:02:09 +0000  

2018-08-31 18:02:09 +0000  
2018-08-31 18:02:09 +0000  Entitlements for <IDEDistributionItem: 0x7fdc17752df0 'com.apple.dt.runtime.swiftDarwin' '<DVTFilePath:0x7fdc1755def0:'/Users/brianna/Library/Developer/Xcode/Archives/2018-08-31/Apple Device Lookup - Mac 8-31-18, 11.01 AM.xcarchive/Products/Applications/Apple Device Lookup - Mac.app/Contents/Frameworks/libswiftDarwin.dylib'>'>: {
}
2018-08-31 18:02:09 +0000  Writing entitlements for <IDEDistributionItem: 0x7fdc17752df0 'com.apple.dt.runtime.swiftDarwin' '<DVTFilePath:0x7fdc1755def0:'/Users/brianna/Library/Developer/Xcode/Archives/2018-08-31/Apple Device Lookup - Mac 8-31-18, 11.01 AM.xcarchive/Products/Applications/Apple Device Lookup - Mac.app/Contents/Frameworks/libswiftDarwin.dylib'>'> to: /var/folders/kz/kp6k0tz126x4wdk0nr1phz300000gn/T/XcodeDistPipeline.Scv/entitlementsfBqhPE
2018-08-31 18:02:09 +0000  Running /usr/bin/codesign '-vvv' '--force' '--sign' '652630EE3706371C33AED7521A2410F6546B346B' '--preserve-metadata=identifier,flags' '--entitlements' '/var/folders/kz/kp6k0tz126x4wdk0nr1phz300000gn/T/XcodeDistPipeline.Scv/entitlementsfBqhPE' '--requirements' '=designated => anchor apple generic  and identifier "$self.identifier" and ((cert leaf[field.1.2.840.113635.100.6.1.9] exists) or ( certificate 1[field.1.2.840.113635.100.6.2.6] exists and certificate leaf[field.1.2.840.113635.100.6.1.13] exists  and certificate leaf[subject.OU] = "9F4WXH899R" ))' '/var/folders/kz/kp6k0tz126x4wdk0nr1phz300000gn/T/XcodeDistPipeline.Scv/Root/Applications/Apple Device Lookup - Mac.app/Contents/Frameworks/libswiftDarwin.dylib'
2018-08-31 18:02:09 +0000  /var/folders/kz/kp6k0tz126x4wdk0nr1phz300000gn/T/XcodeDistPipeline.Scv/Root/Applications/Apple Device Lookup - Mac.app/Contents/Frameworks/libswiftDarwin.dylib: replacing existing signature
2018-08-31 18:02:09 +0000  /var/folders/kz/kp6k0tz126x4wdk0nr1phz300000gn/T/XcodeDistPipeline.Scv/Root/Applications/Apple Device Lookup - Mac.app/Contents/Frameworks/libswiftDarwin.dylib: signed Mach-O thin (x86_64) [com.apple.dt.runtime.swiftDarwin]
2018-08-31 18:02:09 +0000  
2018-08-31 18:02:09 +0000  
2018-08-31 18:02:09 +0000  2018-08-31 18:02:09 +0000  /usr/bin/codesign exited with 0

2018-08-31 18:02:09 +0000  
2018-08-31 18:02:09 +0000  Entitlements for <IDEDistributionItem: 0x7fdc1cb82960 'com.apple.dt.runtime.swiftDispatch' '<DVTFilePath:0x7fdc1b5914d0:'/Users/brianna/Library/Developer/Xcode/Archives/2018-08-31/Apple Device Lookup - Mac 8-31-18, 11.01 AM.xcarchive/Products/Applications/Apple Device Lookup - Mac.app/Contents/Frameworks/libswiftDispatch.dylib'>'>: {
}
2018-08-31 18:02:09 +0000  Writing entitlements for <IDEDistributionItem: 0x7fdc1cb82960 'com.apple.dt.runtime.swiftDispatch' '<DVTFilePath:0x7fdc1b5914d0:'/Users/brianna/Library/Developer/Xcode/Archives/2018-08-31/Apple Device Lookup - Mac 8-31-18, 11.01 AM.xcarchive/Products/Applications/Apple Device Lookup - Mac.app/Contents/Frameworks/libswiftDispatch.dylib'>'> to: /var/folders/kz/kp6k0tz126x4wdk0nr1phz300000gn/T/XcodeDistPipeline.Scv/entitlements4txEND
2018-08-31 18:02:09 +0000  Running /usr/bin/codesign '-vvv' '--force' '--sign' '652630EE3706371C33AED7521A2410F6546B346B' '--preserve-metadata=identifier,flags' '--entitlements' '/var/folders/kz/kp6k0tz126x4wdk0nr1phz300000gn/T/XcodeDistPipeline.Scv/entitlements4txEND' '--requirements' '=designated => anchor apple generic  and identifier "$self.identifier" and ((cert leaf[field.1.2.840.113635.100.6.1.9] exists) or ( certificate 1[field.1.2.840.113635.100.6.2.6] exists and certificate leaf[field.1.2.840.113635.100.6.1.13] exists  and certificate leaf[subject.OU] = "9F4WXH899R" ))' '/var/folders/kz/kp6k0tz126x4wdk0nr1phz300000gn/T/XcodeDistPipeline.Scv/Root/Applications/Apple Device Lookup - Mac.app/Contents/Frameworks/libswiftDispatch.dylib'
2018-08-31 18:02:09 +0000  /var/folders/kz/kp6k0tz126x4wdk0nr1phz300000gn/T/XcodeDistPipeline.Scv/Root/Applications/Apple Device Lookup - Mac.app/Contents/Frameworks/libswiftDispatch.dylib: replacing existing signature
2018-08-31 18:02:09 +0000  /var/folders/kz/kp6k0tz126x4wdk0nr1phz300000gn/T/XcodeDistPipeline.Scv/Root/Applications/Apple Device Lookup - Mac.app/Contents/Frameworks/libswiftDispatch.dylib: signed Mach-O thin (x86_64) [com.apple.dt.runtime.swiftDispatch]
2018-08-31 18:02:09 +0000  
2018-08-31 18:02:09 +0000  
2018-08-31 18:02:09 +0000  /usr/bin/codesign exited with 02018-08-31 18:02:09 +0000  

2018-08-31 18:02:09 +0000  
2018-08-31 18:02:09 +0000  Entitlements for <IDEDistributionItem: 0x7fdc1cf2aa60 'com.apple.dt.runtime.swiftFoundation' '<DVTFilePath:0x7fdc1bb3c6e0:'/Users/brianna/Library/Developer/Xcode/Archives/2018-08-31/Apple Device Lookup - Mac 8-31-18, 11.01 AM.xcarchive/Products/Applications/Apple Device Lookup - Mac.app/Contents/Frameworks/libswiftFoundation.dylib'>'>: {
}
2018-08-31 18:02:09 +0000  Writing entitlements for <IDEDistributionItem: 0x7fdc1cf2aa60 'com.apple.dt.runtime.swiftFoundation' '<DVTFilePath:0x7fdc1bb3c6e0:'/Users/brianna/Library/Developer/Xcode/Archives/2018-08-31/Apple Device Lookup - Mac 8-31-18, 11.01 AM.xcarchive/Products/Applications/Apple Device Lookup - Mac.app/Contents/Frameworks/libswiftFoundation.dylib'>'> to: /var/folders/kz/kp6k0tz126x4wdk0nr1phz300000gn/T/XcodeDistPipeline.Scv/entitlementszYVCIB
2018-08-31 18:02:09 +0000  Running /usr/bin/codesign '-vvv' '--force' '--sign' '652630EE3706371C33AED7521A2410F6546B346B' '--preserve-metadata=identifier,flags' '--entitlements' '/var/folders/kz/kp6k0tz126x4wdk0nr1phz300000gn/T/XcodeDistPipeline.Scv/entitlementszYVCIB' '--requirements' '=designated => anchor apple generic  and identifier "$self.identifier" and ((cert leaf[field.1.2.840.113635.100.6.1.9] exists) or ( certificate 1[field.1.2.840.113635.100.6.2.6] exists and certificate leaf[field.1.2.840.113635.100.6.1.13] exists  and certificate leaf[subject.OU] = "9F4WXH899R" ))' '/var/folders/kz/kp6k0tz126x4wdk0nr1phz300000gn/T/XcodeDistPipeline.Scv/Root/Applications/Apple Device Lookup - Mac.app/Contents/Frameworks/libswiftFoundation.dylib'
2018-08-31 18:02:09 +0000  /var/folders/kz/kp6k0tz126x4wdk0nr1phz300000gn/T/XcodeDistPipeline.Scv/Root/Applications/Apple Device Lookup - Mac.app/Contents/Frameworks/libswiftFoundation.dylib: replacing existing signature
2018-08-31 18:02:09 +0000  /var/folders/kz/kp6k0tz126x4wdk0nr1phz300000gn/T/XcodeDistPipeline.Scv/Root/Applications/Apple Device Lookup - Mac.app/Contents/Frameworks/libswiftFoundation.dylib: signed Mach-O thin (x86_64) [com.apple.dt.runtime.swiftFoundation]
2018-08-31 18:02:09 +0000  
2018-08-31 18:02:09 +0000  
2018-08-31 18:02:09 +0000  2018-08-31 18:02:09 +0000  /usr/bin/codesign exited with 0

2018-08-31 18:02:09 +0000  
2018-08-31 18:02:09 +0000  Entitlements for <IDEDistributionItem: 0x7fdc1cf45da0 'com.apple.dt.runtime.swiftIOKit' '<DVTFilePath:0x7fdc1cd82a50:'/Users/brianna/Library/Developer/Xcode/Archives/2018-08-31/Apple Device Lookup - Mac 8-31-18, 11.01 AM.xcarchive/Products/Applications/Apple Device Lookup - Mac.app/Contents/Frameworks/libswiftIOKit.dylib'>'>: {
}
2018-08-31 18:02:09 +0000  Writing entitlements for <IDEDistributionItem: 0x7fdc1cf45da0 'com.apple.dt.runtime.swiftIOKit' '<DVTFilePath:0x7fdc1cd82a50:'/Users/brianna/Library/Developer/Xcode/Archives/2018-08-31/Apple Device Lookup - Mac 8-31-18, 11.01 AM.xcarchive/Products/Applications/Apple Device Lookup - Mac.app/Contents/Frameworks/libswiftIOKit.dylib'>'> to: /var/folders/kz/kp6k0tz126x4wdk0nr1phz300000gn/T/XcodeDistPipeline.Scv/entitlementsY0fxFa
2018-08-31 18:02:09 +0000  Running /usr/bin/codesign '-vvv' '--force' '--sign' '652630EE3706371C33AED7521A2410F6546B346B' '--preserve-metadata=identifier,flags' '--entitlements' '/var/folders/kz/kp6k0tz126x4wdk0nr1phz300000gn/T/XcodeDistPipeline.Scv/entitlementsY0fxFa' '--requirements' '=designated => anchor apple generic  and identifier "$self.identifier" and ((cert leaf[field.1.2.840.113635.100.6.1.9] exists) or ( certificate 1[field.1.2.840.113635.100.6.2.6] exists and certificate leaf[field.1.2.840.113635.100.6.1.13] exists  and certificate leaf[subject.OU] = "9F4WXH899R" ))' '/var/folders/kz/kp6k0tz126x4wdk0nr1phz300000gn/T/XcodeDistPipeline.Scv/Root/Applications/Apple Device Lookup - Mac.app/Contents/Frameworks/libswiftIOKit.dylib'
2018-08-31 18:02:09 +0000  /var/folders/kz/kp6k0tz126x4wdk0nr1phz300000gn/T/XcodeDistPipeline.Scv/Root/Applications/Apple Device Lookup - Mac.app/Contents/Frameworks/libswiftIOKit.dylib: replacing existing signature
2018-08-31 18:02:10 +0000  /var/folders/kz/kp6k0tz126x4wdk0nr1phz300000gn/T/XcodeDistPipeline.Scv/Root/Applications/Apple Device Lookup - Mac.app/Contents/Frameworks/libswiftIOKit.dylib: signed Mach-O thin (x86_64) [com.apple.dt.runtime.swiftIOKit]
2018-08-31 18:02:10 +0000  2018-08-31 18:02:10 +0000  /usr/bin/codesign exited with 0

2018-08-31 18:02:10 +0000  
2018-08-31 18:02:10 +0000  Entitlements for <IDEDistributionItem: 0x7fdc1cd82d90 'com.apple.dt.runtime.swiftMetal' '<DVTFilePath:0x7fdc1cd3d270:'/Users/brianna/Library/Developer/Xcode/Archives/2018-08-31/Apple Device Lookup - Mac 8-31-18, 11.01 AM.xcarchive/Products/Applications/Apple Device Lookup - Mac.app/Contents/Frameworks/libswiftMetal.dylib'>'>: {
}
2018-08-31 18:02:10 +0000  Writing entitlements for <IDEDistributionItem: 0x7fdc1cd82d90 'com.apple.dt.runtime.swiftMetal' '<DVTFilePath:0x7fdc1cd3d270:'/Users/brianna/Library/Developer/Xcode/Archives/2018-08-31/Apple Device Lookup - Mac 8-31-18, 11.01 AM.xcarchive/Products/Applications/Apple Device Lookup - Mac.app/Contents/Frameworks/libswiftMetal.dylib'>'> to: /var/folders/kz/kp6k0tz126x4wdk0nr1phz300000gn/T/XcodeDistPipeline.Scv/entitlements2b1USv
2018-08-31 18:02:10 +0000  Running /usr/bin/codesign '-vvv' '--force' '--sign' '652630EE3706371C33AED7521A2410F6546B346B' '--preserve-metadata=identifier,flags' '--entitlements' '/var/folders/kz/kp6k0tz126x4wdk0nr1phz300000gn/T/XcodeDistPipeline.Scv/entitlements2b1USv' '--requirements' '=designated => anchor apple generic  and identifier "$self.identifier" and ((cert leaf[field.1.2.840.113635.100.6.1.9] exists) or ( certificate 1[field.1.2.840.113635.100.6.2.6] exists and certificate leaf[field.1.2.840.113635.100.6.1.13] exists  and certificate leaf[subject.OU] = "9F4WXH899R" ))' '/var/folders/kz/kp6k0tz126x4wdk0nr1phz300000gn/T/XcodeDistPipeline.Scv/Root/Applications/Apple Device Lookup - Mac.app/Contents/Frameworks/libswiftMetal.dylib'
2018-08-31 18:02:10 +0000  /var/folders/kz/kp6k0tz126x4wdk0nr1phz300000gn/T/XcodeDistPipeline.Scv/Root/Applications/Apple Device Lookup - Mac.app/Contents/Frameworks/libswiftMetal.dylib: replacing existing signature
2018-08-31 18:02:10 +0000  /var/folders/kz/kp6k0tz126x4wdk0nr1phz300000gn/T/XcodeDistPipeline.Scv/Root/Applications/Apple Device Lookup - Mac.app/Contents/Frameworks/libswiftMetal.dylib: signed Mach-O thin (x86_64) [com.apple.dt.runtime.swiftMetal]
2018-08-31 18:02:10 +0000  2018-08-31 18:02:10 +0000  /usr/bin/codesign exited with 0

2018-08-31 18:02:10 +0000  
2018-08-31 18:02:10 +0000  Entitlements for <IDEDistributionItem: 0x7fdc1c7a11a0 'com.apple.dt.runtime.swiftObjectiveC' '<DVTFilePath:0x7fdc16f83560:'/Users/brianna/Library/Developer/Xcode/Archives/2018-08-31/Apple Device Lookup - Mac 8-31-18, 11.01 AM.xcarchive/Products/Applications/Apple Device Lookup - Mac.app/Contents/Frameworks/libswiftObjectiveC.dylib'>'>: {
}
2018-08-31 18:02:10 +0000  Writing entitlements for <IDEDistributionItem: 0x7fdc1c7a11a0 'com.apple.dt.runtime.swiftObjectiveC' '<DVTFilePath:0x7fdc16f83560:'/Users/brianna/Library/Developer/Xcode/Archives/2018-08-31/Apple Device Lookup - Mac 8-31-18, 11.01 AM.xcarchive/Products/Applications/Apple Device Lookup - Mac.app/Contents/Frameworks/libswiftObjectiveC.dylib'>'> to: /var/folders/kz/kp6k0tz126x4wdk0nr1phz300000gn/T/XcodeDistPipeline.Scv/entitlementsDzlacJ
2018-08-31 18:02:10 +0000  Running /usr/bin/codesign '-vvv' '--force' '--sign' '652630EE3706371C33AED7521A2410F6546B346B' '--preserve-metadata=identifier,flags' '--entitlements' '/var/folders/kz/kp6k0tz126x4wdk0nr1phz300000gn/T/XcodeDistPipeline.Scv/entitlementsDzlacJ' '--requirements' '=designated => anchor apple generic  and identifier "$self.identifier" and ((cert leaf[field.1.2.840.113635.100.6.1.9] exists) or ( certificate 1[field.1.2.840.113635.100.6.2.6] exists and certificate leaf[field.1.2.840.113635.100.6.1.13] exists  and certificate leaf[subject.OU] = "9F4WXH899R" ))' '/var/folders/kz/kp6k0tz126x4wdk0nr1phz300000gn/T/XcodeDistPipeline.Scv/Root/Applications/Apple Device Lookup - Mac.app/Contents/Frameworks/libswiftObjectiveC.dylib'
2018-08-31 18:02:10 +0000  /var/folders/kz/kp6k0tz126x4wdk0nr1phz300000gn/T/XcodeDistPipeline.Scv/Root/Applications/Apple Device Lookup - Mac.app/Contents/Frameworks/libswiftObjectiveC.dylib: replacing existing signature
2018-08-31 18:02:10 +0000  /var/folders/kz/kp6k0tz126x4wdk0nr1phz300000gn/T/XcodeDistPipeline.Scv/Root/Applications/Apple Device Lookup - Mac.app/Contents/Frameworks/libswiftObjectiveC.dylib: signed Mach-O thin (x86_64) [com.apple.dt.runtime.swiftObjectiveC]
2018-08-31 18:02:10 +0000  
2018-08-31 18:02:10 +0000  
2018-08-31 18:02:10 +0000  /usr/bin/codesign exited with 02018-08-31 18:02:10 +0000  

2018-08-31 18:02:10 +0000  
2018-08-31 18:02:10 +0000  Entitlements for <IDEDistributionItem: 0x7fdc1a5e4240 'com.apple.dt.runtime.swiftQuartzCore' '<DVTFilePath:0x7fdc1cd9d530:'/Users/brianna/Library/Developer/Xcode/Archives/2018-08-31/Apple Device Lookup - Mac 8-31-18, 11.01 AM.xcarchive/Products/Applications/Apple Device Lookup - Mac.app/Contents/Frameworks/libswiftQuartzCore.dylib'>'>: {
}
2018-08-31 18:02:10 +0000  Writing entitlements for <IDEDistributionItem: 0x7fdc1a5e4240 'com.apple.dt.runtime.swiftQuartzCore' '<DVTFilePath:0x7fdc1cd9d530:'/Users/brianna/Library/Developer/Xcode/Archives/2018-08-31/Apple Device Lookup - Mac 8-31-18, 11.01 AM.xcarchive/Products/Applications/Apple Device Lookup - Mac.app/Contents/Frameworks/libswiftQuartzCore.dylib'>'> to: /var/folders/kz/kp6k0tz126x4wdk0nr1phz300000gn/T/XcodeDistPipeline.Scv/entitlementsy7yjxq
2018-08-31 18:02:10 +0000  Running /usr/bin/codesign '-vvv' '--force' '--sign' '652630EE3706371C33AED7521A2410F6546B346B' '--preserve-metadata=identifier,flags' '--entitlements' '/var/folders/kz/kp6k0tz126x4wdk0nr1phz300000gn/T/XcodeDistPipeline.Scv/entitlementsy7yjxq' '--requirements' '=designated => anchor apple generic  and identifier "$self.identifier" and ((cert leaf[field.1.2.840.113635.100.6.1.9] exists) or ( certificate 1[field.1.2.840.113635.100.6.2.6] exists and certificate leaf[field.1.2.840.113635.100.6.1.13] exists  and certificate leaf[subject.OU] = "9F4WXH899R" ))' '/var/folders/kz/kp6k0tz126x4wdk0nr1phz300000gn/T/XcodeDistPipeline.Scv/Root/Applications/Apple Device Lookup - Mac.app/Contents/Frameworks/libswiftQuartzCore.dylib'
2018-08-31 18:02:10 +0000  /var/folders/kz/kp6k0tz126x4wdk0nr1phz300000gn/T/XcodeDistPipeline.Scv/Root/Applications/Apple Device Lookup - Mac.app/Contents/Frameworks/libswiftQuartzCore.dylib: replacing existing signature
2018-08-31 18:02:10 +0000  /var/folders/kz/kp6k0tz126x4wdk0nr1phz300000gn/T/XcodeDistPipeline.Scv/Root/Applications/Apple Device Lookup - Mac.app/Contents/Frameworks/libswiftQuartzCore.dylib: signed Mach-O thin (x86_64) [com.apple.dt.runtime.swiftQuartzCore]
2018-08-31 18:02:10 +0000  
2018-08-31 18:02:10 +0000  
2018-08-31 18:02:10 +0000  2018-08-31 18:02:10 +0000  /usr/bin/codesign exited with 0

2018-08-31 18:02:10 +0000  2018-08-31 18:02:10 +0000  

2018-08-31 18:02:10 +0000  Entitlements for <IDEDistributionItem: 0x7fdc1ce93640 'com.apple.dt.runtime.swiftXPC' '<DVTFilePath:0x7fdc1746fd50:'/Users/brianna/Library/Developer/Xcode/Archives/2018-08-31/Apple Device Lookup - Mac 8-31-18, 11.01 AM.xcarchive/Products/Applications/Apple Device Lookup - Mac.app/Contents/Frameworks/libswiftXPC.dylib'>'>: {
}
2018-08-31 18:02:10 +0000  Writing entitlements for <IDEDistributionItem: 0x7fdc1ce93640 'com.apple.dt.runtime.swiftXPC' '<DVTFilePath:0x7fdc1746fd50:'/Users/brianna/Library/Developer/Xcode/Archives/2018-08-31/Apple Device Lookup - Mac 8-31-18, 11.01 AM.xcarchive/Products/Applications/Apple Device Lookup - Mac.app/Contents/Frameworks/libswiftXPC.dylib'>'> to: /var/folders/kz/kp6k0tz126x4wdk0nr1phz300000gn/T/XcodeDistPipeline.Scv/entitlements3hpsxr
2018-08-31 18:02:10 +0000  Running /usr/bin/codesign '-vvv' '--force' '--sign' '652630EE3706371C33AED7521A2410F6546B346B' '--preserve-metadata=identifier,flags' '--entitlements' '/var/folders/kz/kp6k0tz126x4wdk0nr1phz300000gn/T/XcodeDistPipeline.Scv/entitlements3hpsxr' '--requirements' '=designated => anchor apple generic  and identifier "$self.identifier" and ((cert leaf[field.1.2.840.113635.100.6.1.9] exists) or ( certificate 1[field.1.2.840.113635.100.6.2.6] exists and certificate leaf[field.1.2.840.113635.100.6.1.13] exists  and certificate leaf[subject.OU] = "9F4WXH899R" ))' '/var/folders/kz/kp6k0tz126x4wdk0nr1phz300000gn/T/XcodeDistPipeline.Scv/Root/Applications/Apple Device Lookup - Mac.app/Contents/Frameworks/libswiftXPC.dylib'
2018-08-31 18:02:10 +0000  /var/folders/kz/kp6k0tz126x4wdk0nr1phz300000gn/T/XcodeDistPipeline.Scv/Root/Applications/Apple Device Lookup - Mac.app/Contents/Frameworks/libswiftXPC.dylib: replacing existing signature
2018-08-31 18:02:10 +0000  /var/folders/kz/kp6k0tz126x4wdk0nr1phz300000gn/T/XcodeDistPipeline.Scv/Root/Applications/Apple Device Lookup - Mac.app/Contents/Frameworks/libswiftXPC.dylib: signed Mach-O thin (x86_64) [com.apple.dt.runtime.swiftXPC]
2018-08-31 18:02:10 +0000  2018-08-31 18:02:10 +0000  /usr/bin/codesign exited with 0

2018-08-31 18:02:10 +0000  2018-08-31 18:02:10 +0000  

2018-08-31 18:02:10 +0000  Entitlements for <IDEDistributionItem: 0x7fdc1b397170 'com.apple.dt.runtime.swiftos' '<DVTFilePath:0x7fdc1cd3d310:'/Users/brianna/Library/Developer/Xcode/Archives/2018-08-31/Apple Device Lookup - Mac 8-31-18, 11.01 AM.xcarchive/Products/Applications/Apple Device Lookup - Mac.app/Contents/Frameworks/libswiftos.dylib'>'>: {
}
2018-08-31 18:02:10 +0000  Writing entitlements for <IDEDistributionItem: 0x7fdc1b397170 'com.apple.dt.runtime.swiftos' '<DVTFilePath:0x7fdc1cd3d310:'/Users/brianna/Library/Developer/Xcode/Archives/2018-08-31/Apple Device Lookup - Mac 8-31-18, 11.01 AM.xcarchive/Products/Applications/Apple Device Lookup - Mac.app/Contents/Frameworks/libswiftos.dylib'>'> to: /var/folders/kz/kp6k0tz126x4wdk0nr1phz300000gn/T/XcodeDistPipeline.Scv/entitlementsCywopH
2018-08-31 18:02:10 +0000  Running /usr/bin/codesign '-vvv' '--force' '--sign' '652630EE3706371C33AED7521A2410F6546B346B' '--preserve-metadata=identifier,flags' '--entitlements' '/var/folders/kz/kp6k0tz126x4wdk0nr1phz300000gn/T/XcodeDistPipeline.Scv/entitlementsCywopH' '--requirements' '=designated => anchor apple generic  and identifier "$self.identifier" and ((cert leaf[field.1.2.840.113635.100.6.1.9] exists) or ( certificate 1[field.1.2.840.113635.100.6.2.6] exists and certificate leaf[field.1.2.840.113635.100.6.1.13] exists  and certificate leaf[subject.OU] = "9F4WXH899R" ))' '/var/folders/kz/kp6k0tz126x4wdk0nr1phz300000gn/T/XcodeDistPipeline.Scv/Root/Applications/Apple Device Lookup - Mac.app/Contents/Frameworks/libswiftos.dylib'
2018-08-31 18:02:10 +0000  /var/folders/kz/kp6k0tz126x4wdk0nr1phz300000gn/T/XcodeDistPipeline.Scv/Root/Applications/Apple Device Lookup - Mac.app/Contents/Frameworks/libswiftos.dylib: replacing existing signature
2018-08-31 18:02:11 +0000  /var/folders/kz/kp6k0tz126x4wdk0nr1phz300000gn/T/XcodeDistPipeline.Scv/Root/Applications/Apple Device Lookup - Mac.app/Contents/Frameworks/libswiftos.dylib: signed Mach-O thin (x86_64) [com.apple.dt.runtime.swiftos]
2018-08-31 18:02:11 +0000  
2018-08-31 18:02:11 +0000  2018-08-31 18:02:11 +0000  /usr/bin/codesign exited with 0

2018-08-31 18:02:11 +0000  
2018-08-31 18:02:11 +0000  Entitlements for <IDEDistributionItem: 0x7fdc1a4806f0 'com.owlydesign.Apple-Device-Lookup---Mac' '<DVTFilePath:0x7fdc1a0046d0:'/Users/brianna/Library/Developer/Xcode/Archives/2018-08-31/Apple Device Lookup - Mac 8-31-18, 11.01 AM.xcarchive/Products/Applications/Apple Device Lookup - Mac.app'>'>: {
}
2018-08-31 18:02:11 +0000  Writing entitlements for <IDEDistributionItem: 0x7fdc1a4806f0 'com.owlydesign.Apple-Device-Lookup---Mac' '<DVTFilePath:0x7fdc1a0046d0:'/Users/brianna/Library/Developer/Xcode/Archives/2018-08-31/Apple Device Lookup - Mac 8-31-18, 11.01 AM.xcarchive/Products/Applications/Apple Device Lookup - Mac.app'>'> to: /var/folders/kz/kp6k0tz126x4wdk0nr1phz300000gn/T/XcodeDistPipeline.Scv/entitlements9T1BTm
2018-08-31 18:02:11 +0000  Running /usr/bin/codesign '-vvv' '--force' '--sign' '652630EE3706371C33AED7521A2410F6546B346B' '--preserve-metadata=identifier,flags' '--entitlements' '/var/folders/kz/kp6k0tz126x4wdk0nr1phz300000gn/T/XcodeDistPipeline.Scv/entitlements9T1BTm' '--requirements' '=designated => anchor apple generic  and identifier "$self.identifier" and ((cert leaf[field.1.2.840.113635.100.6.1.9] exists) or ( certificate 1[field.1.2.840.113635.100.6.2.6] exists and certificate leaf[field.1.2.840.113635.100.6.1.13] exists  and certificate leaf[subject.OU] = "9F4WXH899R" ))' '/var/folders/kz/kp6k0tz126x4wdk0nr1phz300000gn/T/XcodeDistPipeline.Scv/Root/Applications/Apple Device Lookup - Mac.app'
2018-08-31 18:02:11 +0000  /var/folders/kz/kp6k0tz126x4wdk0nr1phz300000gn/T/XcodeDistPipeline.Scv/Root/Applications/Apple Device Lookup - Mac.app: replacing existing signature
2018-08-31 18:02:11 +0000  /var/folders/kz/kp6k0tz126x4wdk0nr1phz300000gn/T/XcodeDistPipeline.Scv/Root/Applications/Apple Device Lookup - Mac.app: signed app bundle with Mach-O thin (x86_64) [com.owlydesign.Apple-Device-Lookup---Mac]
2018-08-31 18:02:11 +0000  
2018-08-31 18:02:11 +0000  
2018-08-31 18:02:11 +0000  /usr/bin/codesign exited with 0
2018-08-31 18:02:11 +0000  2018-08-31 18:02:11 +0000  

2018-08-31 18:02:11 +0000  Processing step: IDEDistributionStreamingZipItemStep
2018-08-31 18:02:11 +0000  Skipping step: IDEDistributionStreamingZipItemStep because it said so
2018-08-31 18:02:11 +0000  Skipping step: IDEDistributionStreamingZipItemStep because it said so
2018-08-31 18:02:11 +0000  Skipping step: IDEDistributionStreamingZipItemStep because it said so
2018-08-31 18:02:11 +0000  Skipping step: IDEDistributionStreamingZipItemStep because it said so
2018-08-31 18:02:11 +0000  Skipping step: IDEDistributionStreamingZipItemStep because it said so
2018-08-31 18:02:11 +0000  Skipping step: IDEDistributionStreamingZipItemStep because it said so
2018-08-31 18:02:11 +0000  Skipping step: IDEDistributionStreamingZipItemStep because it said so
2018-08-31 18:02:11 +0000  Skipping step: IDEDistributionStreamingZipItemStep because it said so
2018-08-31 18:02:11 +0000  Skipping step: IDEDistributionStreamingZipItemStep because it said so
2018-08-31 18:02:11 +0000  Skipping step: IDEDistributionStreamingZipItemStep because it said so
2018-08-31 18:02:11 +0000  Skipping step: IDEDistributionStreamingZipItemStep because it said so
2018-08-31 18:02:11 +0000  Skipping step: IDEDistributionStreamingZipItemStep because it said so
2018-08-31 18:02:11 +0000  Skipping step: IDEDistributionStreamingZipItemStep because it said so
2018-08-31 18:02:11 +0000  Skipping step: IDEDistributionStreamingZipItemStep because it said so
2018-08-31 18:02:11 +0000  Skipping step: IDEDistributionStreamingZipItemStep because it said so
2018-08-31 18:02:11 +0000  Skipping step: IDEDistributionStreamingZipItemStep because it said so
2018-08-31 18:02:11 +0000  Skipping step: IDEDistributionStreamingZipItemStep because it said so
2018-08-31 18:02:11 +0000  Skipping step: IDEDistributionStreamingZipItemStep because it said so
2018-08-31 18:02:11 +0000  Processing step: IDEDistributionSkipPackagingStep
2018-08-31 18:02:11 +0000  Processing step: IDEDistributionCreateManifestStep
2018-08-31 18:02:11 +0000  Skipping step: IDEDistributionCreateManifestStep because it said so
